running develop
running egg_info
creating astar_planner.egg-info
writing astar_planner.egg-info/PKG-INFO
writing dependency_links to astar_planner.egg-info/dependency_links.txt
writing entry points to astar_planner.egg-info/entry_points.txt
writing requirements to astar_planner.egg-info/requires.txt
writing top-level names to astar_planner.egg-info/top_level.txt
writing manifest file 'astar_planner.egg-info/SOURCES.txt'
reading manifest file 'astar_planner.egg-info/SOURCES.txt'
writing manifest file 'astar_planner.egg-info/SOURCES.txt'
running build_ext
Creating /home/pondza/271401-AI/astar_ws/install/astar_planner/lib/python3.10/site-packages/astar-planner.egg-link (link to .)

Installed /home/pondza/271401-AI/astar_ws/build/astar_planner
running symlink_data
creating /home/pondza/271401-AI/astar_ws/install/astar_planner/share/ament_index
creating /home/pondza/271401-AI/astar_ws/install/astar_planner/share/ament_index/resource_index
creating /home/pondza/271401-AI/astar_ws/install/astar_planner/share/ament_index/resource_index/packages
symbolically linking /home/pondza/271401-AI/astar_ws/build/astar_planner/resource/astar_planner -> /home/pondza/271401-AI/astar_ws/install/astar_planner/share/ament_index/resource_index/packages
symbolically linking /home/pondza/271401-AI/astar_ws/build/astar_planner/package.xml -> /home/pondza/271401-AI/astar_ws/install/astar_planner/share/astar_planner
