[0.407s] Invoking command in '/home/pondza/271401-AI/astar_ws/build/astar_planner': PYTHONPATH=/home/pondza/271401-AI/astar_ws/build/astar_planner/prefix_override:/usr/lib/python3/dist-packages/colcon_core/task/python/colcon_distutils_commands:/home/pondza/271401-AI/astar_ws/install/astar_planner/lib/python3.10/site-packages:${PYTHONPATH} /usr/bin/python3 -W ignore:setup.py install is deprecated -W ignore:easy_install command is deprecated setup.py develop --editable --build-directory /home/pondza/271401-AI/astar_ws/build/astar_planner/build --no-deps symlink_data
[0.555s] running develop
[0.647s] running egg_info
[0.647s] creating astar_planner.egg-info
[0.647s] writing astar_planner.egg-info/PKG-INFO
[0.647s] writing dependency_links to astar_planner.egg-info/dependency_links.txt
[0.648s] writing entry points to astar_planner.egg-info/entry_points.txt
[0.648s] writing requirements to astar_planner.egg-info/requires.txt
[0.648s] writing top-level names to astar_planner.egg-info/top_level.txt
[0.648s] writing manifest file 'astar_planner.egg-info/SOURCES.txt'
[0.649s] reading manifest file 'astar_planner.egg-info/SOURCES.txt'
[0.649s] writing manifest file 'astar_planner.egg-info/SOURCES.txt'
[0.650s] running build_ext
[0.650s] Creating /home/pondza/271401-AI/astar_ws/install/astar_planner/lib/python3.10/site-packages/astar-planner.egg-link (link to .)
[0.650s] 
[0.650s] Installed /home/pondza/271401-AI/astar_ws/build/astar_planner
[0.650s] running symlink_data
[0.650s] creating /home/pondza/271401-AI/astar_ws/install/astar_planner/share/ament_index
[0.650s] creating /home/pondza/271401-AI/astar_ws/install/astar_planner/share/ament_index/resource_index
[0.650s] creating /home/pondza/271401-AI/astar_ws/install/astar_planner/share/ament_index/resource_index/packages
[0.650s] symbolically linking /home/pondza/271401-AI/astar_ws/build/astar_planner/resource/astar_planner -> /home/pondza/271401-AI/astar_ws/install/astar_planner/share/ament_index/resource_index/packages
[0.650s] symbolically linking /home/pondza/271401-AI/astar_ws/build/astar_planner/package.xml -> /home/pondza/271401-AI/astar_ws/install/astar_planner/share/astar_planner
[0.664s] Invoked command in '/home/pondza/271401-AI/astar_ws/build/astar_planner' returned '0': PYTHONPATH=/home/pondza/271401-AI/astar_ws/build/astar_planner/prefix_override:/usr/lib/python3/dist-packages/colcon_core/task/python/colcon_distutils_commands:/home/pondza/271401-AI/astar_ws/install/astar_planner/lib/python3.10/site-packages:${PYTHONPATH} /usr/bin/python3 -W ignore:setup.py install is deprecated -W ignore:easy_install command is deprecated setup.py develop --editable --build-directory /home/pondza/271401-AI/astar_ws/build/astar_planner/build --no-deps symlink_data
