running develop
running egg_info
creating astar_planner.egg-info
writing astar_planner.egg-info/PKG-INFO
writing dependency_links to astar_planner.egg-info/dependency_links.txt
writing entry points to astar_planner.egg-info/entry_points.txt
writing requirements to astar_planner.egg-info/requires.txt
writing top-level names to astar_planner.egg-info/top_level.txt
writing manifest file 'astar_planner.egg-info/SOURCES.txt'
reading manifest file 'astar_planner.egg-info/SOURCES.txt'
writing manifest file 'astar_planner.egg-info/SOURCES.txt'
running build_ext
Creating /home/pondza/271401-AI/astar_ws/install/turtlebot_bug/lib/python3.10/site-packages/astar-planner.egg-link (link to .)
Installing a_star_planner script to /home/pondza/271401-AI/astar_ws/install/turtlebot_bug/lib/astar_planner

Installed /home/pondza/271401-AI/astar_ws/build/turtlebot_bug
running symlink_data
error: can't copy '/home/pondza/271401-AI/astar_ws/build/turtlebot_bug/launch/a_star_nav.launch.py': doesn't exist or not a regular file
symbolically linking /home/pondza/271401-AI/astar_ws/build/turtlebot_bug/resource/astar_planner -> /home/pondza/271401-AI/astar_ws/install/turtlebot_bug/share/ament_index/resource_index/packages
creating /home/pondza/271401-AI/astar_ws/install/turtlebot_bug/share/astar_planner
symbolically linking /home/pondza/271401-AI/astar_ws/build/turtlebot_bug/package.xml -> /home/pondza/271401-AI/astar_ws/install/turtlebot_bug/share/astar_planner
creating /home/pondza/271401-AI/astar_ws/install/turtlebot_bug/share/astar_planner/launch
